sample.interval=20000
"cbind" "lm_custom" 
"cbind" "lm_custom" 
"cbind" "lm_custom" 
"is.data.frame" "colnames<-" "solve.default" "solve" "lm_custom" 
"cbind" "lm_custom" 
"...elt" "stopifnot" "lm_custom" 
"diag" "solve.default" "solve" "lm_custom" 
"cbind" "lm_custom" 
"cbind" "lm_custom" 
"cbind" "lm_custom" 
"cbind" "lm_custom" 
"stopifnot" "lm_custom" 
"diag" "solve.default" "solve" "lm_custom" 
"all" "stopifnot" "lm_custom" 
"diag" "solve.default" "solve" "lm_custom" 
"lm_custom" 
"solve.default" "solve" "lm_custom" 
"all" "stopifnot" "lm_custom" 
"cbind" "lm_custom" 
"cbind" "lm_custom" 
"cbind" "lm_custom" 
"cbind" "lm_custom" 
"cbind" "lm_custom" 
"cbind" "lm_custom" 
"cbind" "lm_custom" 
"solve.default" "solve" "lm_custom" 
"solve.default" "solve" "lm_custom" 
"%*%" "lm_custom" 
"cbind" "lm_custom" 
"cbind" "lm_custom" 
"cbind" "lm_custom" 
"solve.default" "solve" "lm_custom" 
"cbind" "lm_custom" 
"colnames<-" "lm_custom" 
"crossprod" "lm_custom" 
"lm_custom" 
"cbind" "lm_custom" 
"cbind" "lm_custom" 
"solve.default" "solve" "lm_custom" 
"cbind" "lm_custom" 
"crossprod" "lm_custom" 
"cbind" "lm_custom" 
"cbind" "lm_custom" 
"solve.default" "solve" "lm_custom" 
"crossprod" "lm_custom" 
"colnames<-" "lm_custom" 
"cbind" "lm_custom" 
"rownames" "solve.default" "solve" "lm_custom" 
"cbind" "lm_custom" 
"is.data.frame" "colnames" "lm_custom" 
"cbind" "lm_custom" 
"solve.default" "solve" "lm_custom" 
"cbind" "lm_custom" 
"cbind" "lm_custom" 
"as.matrix" "solve.default" "solve" "lm_custom" 
"solve.default" "solve" "lm_custom" 
"crossprod" "lm_custom" 
"solve.default" "solve" "lm_custom" 
"cbind" "lm_custom" 
"cbind" "lm_custom" 
"crossprod" "lm_custom" 
"solve.default" "solve" "lm_custom" 
"...elt" "stopifnot" "lm_custom" 
"stopifnot" "lm_custom" 
"cbind" "lm_custom" 
"is.array" "diag" "solve.default" "solve" "lm_custom" 
"solve" "lm_custom" 
"cbind" "lm_custom" 
"cbind" "lm_custom" 
"solve.default" "solve" "lm_custom" 
"cbind" "lm_custom" 
"crossprod" "lm_custom" 
"solve.default" "solve" "lm_custom" 
"solve.default" "solve" "lm_custom" 
"cbind" "lm_custom" 
"cbind" "lm_custom" 
"cbind" "lm_custom" 
"crossprod" "lm_custom" 
"cbind" "lm_custom" 
"diag" "solve.default" "solve" "lm_custom" 
"colnames" "lm_custom" 
"solve.default" "solve" "lm_custom" 
"cbind" "lm_custom" 
"cbind" "lm_custom" 
"cbind" "lm_custom" 
"cbind" "lm_custom" 
"solve.default" "solve" "lm_custom" 
"lm_custom" 
"cbind" "lm_custom" 
"cbind" "lm_custom" 
"solve.default" "solve" "lm_custom" 
"diag" "solve.default" "solve" "lm_custom" 
"solve.default" "solve" "lm_custom" 
"cbind" "lm_custom" 
"cbind" "lm_custom" 
"cbind" "lm_custom" 
"cbind" "lm_custom" 
"cbind" "lm_custom" 
"cbind" "lm_custom" 
"crossprod" "lm_custom" 
"solve.default" "solve" "lm_custom" 
"cbind" "lm_custom" 
"cbind" "lm_custom" 
"cbind" "lm_custom" 
"cbind" "lm_custom" 
"as.matrix" "solve.default" "solve" "lm_custom" 
"diag" "solve.default" "solve" "lm_custom" 
"as.matrix" "solve.default" "solve" "lm_custom" 
"cbind" "lm_custom" 
"solve.default" "solve" "lm_custom" 
"solve.default" "solve" "lm_custom" 
"cbind" "lm_custom" 
"diag" "solve.default" "solve" "lm_custom" 
"cbind" "lm_custom" 
"cbind" "lm_custom" 
"diag" "solve.default" "solve" "lm_custom" 
"cbind" "lm_custom" 
"cbind" "lm_custom" 
"solve.default" "solve" "lm_custom" 
"cbind" "lm_custom" 
"solve.default" "solve" "lm_custom" 
"cbind" "lm_custom" 
"cbind" "lm_custom" 
"cbind" "lm_custom" 
"solve.default" "solve" "lm_custom" 
